<?xml version="1.0" encoding="UTF-8"?>
<testng-results ignored="0" total="0" passed="0" failed="0" skipped="0">
  <reporter-output>
  </reporter-output>
  <suite started-at="2025-03-15T03:48:46 EET" name="Surefire suite" finished-at="2025-03-15T03:48:46 EET" duration-ms="45">
    <groups>
    </groups>
    <test started-at="2025-03-15T03:48:46 EET" name="Surefire test" finished-at="2025-03-15T03:48:46 EET" duration-ms="45">
      <class name="utils.TestRunner">
        <test-method is-config="true" signature="driverConfigurationAndTimeout()[pri:0, instance:utils.TestRunner@7ce69770]" started-at="2025-03-15T03:48:46 EET" name="driverConfigurationAndTimeout" finished-at="2025-03-15T03:48:46 EET" duration-ms="95" status="PASS">
          <reporter-output>
          </reporter-output>
        </test-method> <!-- driverConfigurationAndTimeout -->
      </class> <!-- utils.TestRunner -->
    </test> <!-- Surefire test -->
  </suite> <!-- Surefire suite -->
</testng-results>
